2024-01-15 10:00:01,000 INFO  Starting application v2.3.1
2024-01-15 10:00:01,120 INFO  Loading configuration from /etc/app/config.yaml
2024-01-15 10:00:01,345 INFO  Database pool initialised (max_connections=10)
2024-01-15 10:00:02,001 INFO  HTTP server listening on 0.0.0.0:8080
2024-01-15 10:00:05,500 INFO  Received request GET /api/users
2024-01-15 10:00:05,510 INFO  Query executed in 12ms
2024-01-15 10:00:05,511 INFO  Response 200 sent
2024-01-15 10:00:10,000 INFO  Received request POST /api/orders
2024-01-15 10:00:10,050 INFO  Validating order payload
2024-01-15 10:00:10,055 WARNING Missing optional field 'discount_code'
2024-01-15 10:00:10,100 INFO  Order 9923 created successfully
2024-01-15 10:00:15,200 INFO  Received request GET /api/inventory
2024-01-15 10:00:15,210 INFO  Cache hit for inventory snapshot
2024-01-15 10:00:15,211 INFO  Response 200 sent
2024-01-15 10:00:20,000 INFO  Scheduled job: cleanup_expired_sessions started
2024-01-15 10:00:20,500 INFO  Deleted 3 expired sessions
2024-01-15 10:00:20,501 INFO  Scheduled job: cleanup_expired_sessions finished
2024-01-15 10:00:25,300 INFO  Received request DELETE /api/orders/9900
2024-01-15 10:00:25,400 INFO  Order 9900 marked for deletion
2024-01-15 10:00:25,600 INFO  Order 9900 deleted
2024-01-15 10:00:30,000 INFO  Heartbeat OK
2024-01-15 10:00:35,123 ERROR Unhandled exception while processing request POST /api/payments
Traceback (most recent call last):
  File "/app/handlers/payment_handler.py", line 88, in process
    result = gateway.charge(amount=order.total, token=payload["token"])
  File "/app/integrations/gateway.py", line 42, in charge
    response = self._session.post(self.endpoint, json=data, timeout=5)
  File "/usr/local/lib/python3.11/site-packages/requests/adapters.py", line 565, in send
    raise ConnectionError(e, request=request)
requests.exceptions.ConnectionError: HTTPSConnectionPool(host='payments.example.com', port=443): Max retries exceeded with url: /v1/charge
2024-01-15 10:00:35,130 ERROR Rolling back transaction for order 9924
2024-01-15 10:00:35,145 INFO  Client notified of payment failure
2024-01-15 10:00:35,200 INFO  Response 503 sent
2024-01-15 10:00:40,000 INFO  Heartbeat OK
2024-01-15 10:00:45,000 INFO  Received request GET /api/users/42
2024-01-15 10:00:45,010 INFO  Response 200 sent
2024-01-15 10:00:50,000 INFO  Heartbeat OK
2024-01-15 10:00:55,000 INFO  Received request GET /api/status
2024-01-15 10:00:55,005 INFO  Response 200 sent
2024-01-15 10:01:00,000 INFO  Heartbeat OK
